<?xml version="1.0" encoding="UTF-8"?>
<!-- Generated by org.testng.reporters.JUnitReportReporter -->
<testsuite hostname="DESKTOP-M38F426" failures="0" tests="2" name="mavenproject.AppTest" time="0.018" errors="0" timestamp="2023-08-08T09:20:01 IST" skipped="0">
  <testcase classname="mavenproject.AppTest" name="testLogin1" time="0.015"/>
  <testcase classname="mavenproject.AppTest" name="testLogin2" time="0.003"/>
</testsuite> <!-- mavenproject.AppTest -->
